\BOOKMARK [0][-]{chapter.1}{\376\377\0001\000\040\000I\000n\000d\000e\000k\000s\000\040\000h\000i\000e\000r\000a\000r\000c\000h\000i\000c\000z\000n\000y}{}% 1
\BOOKMARK [1][-]{section.1.1}{\376\377\0001\000.\0001\000\040\000H\000i\000e\000r\000a\000r\000c\000h\000i\000a\000\040\000k\000l\000a\000s}{chapter.1}% 2
\BOOKMARK [0][-]{chapter.2}{\376\377\0002\000\040\000I\000n\000d\000e\000k\000s\000\040\000k\000l\000a\000s}{}% 3
\BOOKMARK [1][-]{section.2.1}{\376\377\0002\000.\0001\000\040\000L\000i\000s\000t\000a\000\040\000k\000l\000a\000s}{chapter.2}% 4
\BOOKMARK [0][-]{chapter.3}{\376\377\0003\000\040\000I\000n\000d\000e\000k\000s\000\040\000p\000l\000i\000k\000\363\000w}{}% 5
\BOOKMARK [1][-]{section.3.1}{\376\377\0003\000.\0001\000\040\000L\000i\000s\000t\000a\000\040\000p\000l\000i\000k\000\363\000w}{chapter.3}% 6
\BOOKMARK [0][-]{chapter.4}{\376\377\0004\000\040\000D\000o\000k\000u\000m\000e\000n\000t\000a\000c\000j\000a\000\040\000k\000l\000a\000s}{}% 7
\BOOKMARK [1][-]{section.4.1}{\376\377\0004\000.\0001\000\040\000D\000o\000k\000u\000m\000e\000n\000t\000a\000c\000j\000a\000\040\000k\000l\000a\000s\000y\000\040\000B\000a\000z\000o\000o\000k\000a}{chapter.4}% 8
\BOOKMARK [2][-]{subsection.4.1.1}{\376\377\0004\000.\0001\000.\0001\000\040\000O\000p\000i\000s\000\040\000s\000z\000c\000z\000e\000g\000\363\001\102\000o\000w\000y}{section.4.1}% 9
\BOOKMARK [2][-]{subsection.4.1.2}{\376\377\0004\000.\0001\000.\0002\000\040\000D\000o\000k\000u\000m\000e\000n\000t\000a\000c\000j\000a\000\040\000k\000o\000n\000s\000t\000r\000u\000k\000t\000o\000r\000a\000\040\000i\000\040\000d\000e\000s\000t\000r\000u\000k\000t\000o\000r\000a}{section.4.1}% 10
\BOOKMARK [3][-]{subsubsection.4.1.2.1}{\376\377\0004\000.\0001\000.\0002\000.\0001\000\040\000B\000a\000z\000o\000o\000k\000a\000\050\000\051\000\040\000[\0001\000/\0002\000]}{subsection.4.1.2}% 11
\BOOKMARK [3][-]{subsubsection.4.1.2.2}{\376\377\0004\000.\0001\000.\0002\000.\0002\000\040\000B\000a\000z\000o\000o\000k\000a\000\050\000\051\000\040\000[\0002\000/\0002\000]}{subsection.4.1.2}% 12
\BOOKMARK [3][-]{subsubsection.4.1.2.3}{\376\377\0004\000.\0001\000.\0002\000.\0003\000\040\000\040\000B\000a\000z\000o\000o\000k\000a\000\050\000\051}{subsection.4.1.2}% 13
\BOOKMARK [2][-]{subsection.4.1.3}{\376\377\0004\000.\0001\000.\0003\000\040\000D\000o\000k\000u\000m\000e\000n\000t\000a\000c\000j\000a\000\040\000f\000u\000n\000k\000c\000j\000i\000\040\000s\000k\001\102\000a\000d\000o\000w\000y\000c\000h}{section.4.1}% 14
\BOOKMARK [3][-]{subsubsection.4.1.3.1}{\376\377\0004\000.\0001\000.\0003\000.\0001\000\040\000p\000l\000a\000y\000S\000h\000o\000o\000t\000S\000o\000u\000n\000d\000\050\000\051}{subsection.4.1.3}% 15
\BOOKMARK [1][-]{section.4.2}{\376\377\0004\000.\0002\000\040\000D\000o\000k\000u\000m\000e\000n\000t\000a\000c\000j\000a\000\040\000k\000l\000a\000s\000y\000\040\000B\000u\000l\000l\000e\000t}{chapter.4}% 16
\BOOKMARK [2][-]{subsection.4.2.1}{\376\377\0004\000.\0002\000.\0001\000\040\000O\000p\000i\000s\000\040\000s\000z\000c\000z\000e\000g\000\363\001\102\000o\000w\000y}{section.4.2}% 17
\BOOKMARK [2][-]{subsection.4.2.2}{\376\377\0004\000.\0002\000.\0002\000\040\000D\000o\000k\000u\000m\000e\000n\000t\000a\000c\000j\000a\000\040\000k\000o\000n\000s\000t\000r\000u\000k\000t\000o\000r\000a\000\040\000i\000\040\000d\000e\000s\000t\000r\000u\000k\000t\000o\000r\000a}{section.4.2}% 18
\BOOKMARK [3][-]{subsubsection.4.2.2.1}{\376\377\0004\000.\0002\000.\0002\000.\0001\000\040\000B\000u\000l\000l\000e\000t\000\050\000\051\000\040\000[\0001\000/\0002\000]}{subsection.4.2.2}% 19
\BOOKMARK [3][-]{subsubsection.4.2.2.2}{\376\377\0004\000.\0002\000.\0002\000.\0002\000\040\000B\000u\000l\000l\000e\000t\000\050\000\051\000\040\000[\0002\000/\0002\000]}{subsection.4.2.2}% 20
\BOOKMARK [3][-]{subsubsection.4.2.2.3}{\376\377\0004\000.\0002\000.\0002\000.\0003\000\040\000\040\000B\000u\000l\000l\000e\000t\000\050\000\051}{subsection.4.2.2}% 21
\BOOKMARK [2][-]{subsection.4.2.3}{\376\377\0004\000.\0002\000.\0003\000\040\000D\000o\000k\000u\000m\000e\000n\000t\000a\000c\000j\000a\000\040\000f\000u\000n\000k\000c\000j\000i\000\040\000s\000k\001\102\000a\000d\000o\000w\000y\000c\000h}{section.4.2}% 22
\BOOKMARK [3][-]{subsubsection.4.2.3.1}{\376\377\0004\000.\0002\000.\0003\000.\0001\000\040\000d\000r\000a\000w\000\050\000\051}{subsection.4.2.3}% 23
\BOOKMARK [3][-]{subsubsection.4.2.3.2}{\376\377\0004\000.\0002\000.\0003\000.\0002\000\040\000g\000e\000t\000P\000o\000s\000X\000\050\000\051}{subsection.4.2.3}% 24
\BOOKMARK [3][-]{subsubsection.4.2.3.3}{\376\377\0004\000.\0002\000.\0003\000.\0003\000\040\000g\000e\000t\000P\000o\000s\000Y\000\050\000\051}{subsection.4.2.3}% 25
\BOOKMARK [3][-]{subsubsection.4.2.3.4}{\376\377\0004\000.\0002\000.\0003\000.\0004\000\040\000g\000e\000t\000S\000c\000a\000l\000e\000\050\000\051}{subsection.4.2.3}% 26
\BOOKMARK [3][-]{subsubsection.4.2.3.5}{\376\377\0004\000.\0002\000.\0003\000.\0005\000\040\000g\000e\000t\000S\000c\000a\000l\000e\000V\000e\000c\000t\000o\000r\000\050\000\051}{subsection.4.2.3}% 27
\BOOKMARK [3][-]{subsubsection.4.2.3.6}{\376\377\0004\000.\0002\000.\0003\000.\0006\000\040\000g\000e\000t\000S\000p\000r\000i\000t\000e\000\050\000\051}{subsection.4.2.3}% 28
\BOOKMARK [3][-]{subsubsection.4.2.3.7}{\376\377\0004\000.\0002\000.\0003\000.\0007\000\040\000g\000e\000t\000V\000e\000l\000o\000c\000i\000t\000y\000\050\000\051}{subsection.4.2.3}% 29
\BOOKMARK [3][-]{subsubsection.4.2.3.8}{\376\377\0004\000.\0002\000.\0003\000.\0008\000\040\000s\000e\000t\000P\000o\000s\000X\000\050\000\051}{subsection.4.2.3}% 30
\BOOKMARK [3][-]{subsubsection.4.2.3.9}{\376\377\0004\000.\0002\000.\0003\000.\0009\000\040\000s\000e\000t\000P\000o\000s\000Y\000\050\000\051}{subsection.4.2.3}% 31
\BOOKMARK [3][-]{subsubsection.4.2.3.10}{\376\377\0004\000.\0002\000.\0003\000.\0001\0000\000\040\000s\000e\000t\000R\000o\000t\000a\000t\000i\000o\000n\000\050\000\051}{subsection.4.2.3}% 32
\BOOKMARK [3][-]{subsubsection.4.2.3.11}{\376\377\0004\000.\0002\000.\0003\000.\0001\0001\000\040\000s\000e\000t\000S\000c\000a\000l\000e\000\050\000\051}{subsection.4.2.3}% 33
\BOOKMARK [3][-]{subsubsection.4.2.3.12}{\376\377\0004\000.\0002\000.\0003\000.\0001\0002\000\040\000s\000e\000t\000S\000c\000a\000l\000e\000V\000e\000c\000t\000o\000r\000\050\000\051}{subsection.4.2.3}% 34
\BOOKMARK [3][-]{subsubsection.4.2.3.13}{\376\377\0004\000.\0002\000.\0003\000.\0001\0003\000\040\000s\000e\000t\000V\000e\000l\000o\000c\000i\000t\000y\000\050\000\051\000\040\000[\0001\000/\0002\000]}{subsection.4.2.3}% 35
\BOOKMARK [3][-]{subsubsection.4.2.3.14}{\376\377\0004\000.\0002\000.\0003\000.\0001\0004\000\040\000s\000e\000t\000V\000e\000l\000o\000c\000i\000t\000y\000\050\000\051\000\040\000[\0002\000/\0002\000]}{subsection.4.2.3}% 36
\BOOKMARK [3][-]{subsubsection.4.2.3.15}{\376\377\0004\000.\0002\000.\0003\000.\0001\0005\000\040\000u\000p\000d\000a\000t\000e\000\050\000\051}{subsection.4.2.3}% 37
\BOOKMARK [1][-]{section.4.3}{\376\377\0004\000.\0003\000\040\000D\000o\000k\000u\000m\000e\000n\000t\000a\000c\000j\000a\000\040\000k\000l\000a\000s\000y\000\040\000B\000u\000t\000t\000o\000n}{chapter.4}% 38
\BOOKMARK [2][-]{subsection.4.3.1}{\376\377\0004\000.\0003\000.\0001\000\040\000O\000p\000i\000s\000\040\000s\000z\000c\000z\000e\000g\000\363\001\102\000o\000w\000y}{section.4.3}% 39
\BOOKMARK [2][-]{subsection.4.3.2}{\376\377\0004\000.\0003\000.\0002\000\040\000D\000o\000k\000u\000m\000e\000n\000t\000a\000c\000j\000a\000\040\000k\000o\000n\000s\000t\000r\000u\000k\000t\000o\000r\000a\000\040\000i\000\040\000d\000e\000s\000t\000r\000u\000k\000t\000o\000r\000a}{section.4.3}% 40
\BOOKMARK [3][-]{subsubsection.4.3.2.1}{\376\377\0004\000.\0003\000.\0002\000.\0001\000\040\000B\000u\000t\000t\000o\000n\000\050\000\051}{subsection.4.3.2}% 41
\BOOKMARK [2][-]{subsection.4.3.3}{\376\377\0004\000.\0003\000.\0003\000\040\000D\000o\000k\000u\000m\000e\000n\000t\000a\000c\000j\000a\000\040\000f\000u\000n\000k\000c\000j\000i\000\040\000s\000k\001\102\000a\000d\000o\000w\000y\000c\000h}{section.4.3}% 42
\BOOKMARK [3][-]{subsubsection.4.3.3.1}{\376\377\0004\000.\0003\000.\0003\000.\0001\000\040\000c\000l\000e\000a\000r\000\050\000\051}{subsection.4.3.3}% 43
\BOOKMARK [3][-]{subsubsection.4.3.3.2}{\376\377\0004\000.\0003\000.\0003\000.\0002\000\040\000c\000l\000i\000c\000k\000\050\000\051}{subsection.4.3.3}% 44
\BOOKMARK [3][-]{subsubsection.4.3.3.3}{\376\377\0004\000.\0003\000.\0003\000.\0003\000\040\000d\000r\000a\000w\000\050\000\051}{subsection.4.3.3}% 45
\BOOKMARK [3][-]{subsubsection.4.3.3.4}{\376\377\0004\000.\0003\000.\0003\000.\0004\000\040\000g\000e\000t\000I\000d\000\050\000\051}{subsection.4.3.3}% 46
\BOOKMARK [3][-]{subsubsection.4.3.3.5}{\376\377\0004\000.\0003\000.\0003\000.\0005\000\040\000g\000e\000t\000P\000o\000s\000i\000t\000i\000o\000n\000\050\000\051}{subsection.4.3.3}% 47
\BOOKMARK [3][-]{subsubsection.4.3.3.6}{\376\377\0004\000.\0003\000.\0003\000.\0006\000\040\000g\000e\000t\000S\000i\000z\000e\000\050\000\051}{subsection.4.3.3}% 48
\BOOKMARK [3][-]{subsubsection.4.3.3.7}{\376\377\0004\000.\0003\000.\0003\000.\0007\000\040\000h\000o\000v\000e\000r\000\050\000\051}{subsection.4.3.3}% 49
\BOOKMARK [3][-]{subsubsection.4.3.3.8}{\376\377\0004\000.\0003\000.\0003\000.\0008\000\040\000i\000s\000C\000l\000i\000c\000k\000e\000d\000\050\000\051}{subsection.4.3.3}% 50
\BOOKMARK [3][-]{subsubsection.4.3.3.9}{\376\377\0004\000.\0003\000.\0003\000.\0009\000\040\000i\000s\000H\000o\000v\000e\000r\000e\000d\000\050\000\051}{subsection.4.3.3}% 51
\BOOKMARK [3][-]{subsubsection.4.3.3.10}{\376\377\0004\000.\0003\000.\0003\000.\0001\0000\000\040\000s\000e\000t\000C\000o\000l\000o\000r\000C\000l\000i\000c\000k\000e\000d\000\050\000\051}{subsection.4.3.3}% 52
\BOOKMARK [3][-]{subsubsection.4.3.3.11}{\376\377\0004\000.\0003\000.\0003\000.\0001\0001\000\040\000s\000e\000t\000C\000o\000l\000o\000r\000D\000e\000f\000a\000u\000l\000t\000\050\000\051}{subsection.4.3.3}% 53
\BOOKMARK [3][-]{subsubsection.4.3.3.12}{\376\377\0004\000.\0003\000.\0003\000.\0001\0002\000\040\000s\000e\000t\000C\000o\000l\000o\000r\000H\000o\000v\000e\000r\000e\000d\000\050\000\051}{subsection.4.3.3}% 54
\BOOKMARK [1][-]{section.4.4}{\376\377\0004\000.\0004\000\040\000D\000o\000k\000u\000m\000e\000n\000t\000a\000c\000j\000a\000\040\000k\000l\000a\000s\000y\000\040\000F\000P\000S\000C\000o\000u\000n\000t\000e\000r}{chapter.4}% 55
\BOOKMARK [2][-]{subsection.4.4.1}{\376\377\0004\000.\0004\000.\0001\000\040\000O\000p\000i\000s\000\040\000s\000z\000c\000z\000e\000g\000\363\001\102\000o\000w\000y}{section.4.4}% 56
\BOOKMARK [2][-]{subsection.4.4.2}{\376\377\0004\000.\0004\000.\0002\000\040\000D\000o\000k\000u\000m\000e\000n\000t\000a\000c\000j\000a\000\040\000k\000o\000n\000s\000t\000r\000u\000k\000t\000o\000r\000a\000\040\000i\000\040\000d\000e\000s\000t\000r\000u\000k\000t\000o\000r\000a}{section.4.4}% 57
\BOOKMARK [3][-]{subsubsection.4.4.2.1}{\376\377\0004\000.\0004\000.\0002\000.\0001\000\040\000F\000P\000S\000C\000o\000u\000n\000t\000e\000r\000\050\000\051}{subsection.4.4.2}% 58
\BOOKMARK [2][-]{subsection.4.4.3}{\376\377\0004\000.\0004\000.\0003\000\040\000D\000o\000k\000u\000m\000e\000n\000t\000a\000c\000j\000a\000\040\000f\000u\000n\000k\000c\000j\000i\000\040\000s\000k\001\102\000a\000d\000o\000w\000y\000c\000h}{section.4.4}% 59
\BOOKMARK [3][-]{subsubsection.4.4.3.1}{\376\377\0004\000.\0004\000.\0003\000.\0001\000\040\000d\000r\000a\000w\000F\000P\000S\000\050\000\051}{subsection.4.4.3}% 60
\BOOKMARK [3][-]{subsubsection.4.4.3.2}{\376\377\0004\000.\0004\000.\0003\000.\0002\000\040\000s\000e\000t\000C\000o\000l\000o\000r\000\050\000\051}{subsection.4.4.3}% 61
\BOOKMARK [3][-]{subsubsection.4.4.3.3}{\376\377\0004\000.\0004\000.\0003\000.\0003\000\040\000s\000t\000a\000r\000t\000\050\000\051}{subsection.4.4.3}% 62
\BOOKMARK [1][-]{section.4.5}{\376\377\0004\000.\0005\000\040\000D\000o\000k\000u\000m\000e\000n\000t\000a\000c\000j\000a\000\040\000k\000l\000a\000s\000y\000\040\000G\000a\000m\000e\000E\000v\000e\000n\000t}{chapter.4}% 63
\BOOKMARK [2][-]{subsection.4.5.1}{\376\377\0004\000.\0005\000.\0001\000\040\000O\000p\000i\000s\000\040\000s\000z\000c\000z\000e\000g\000\363\001\102\000o\000w\000y}{section.4.5}% 64
\BOOKMARK [2][-]{subsection.4.5.2}{\376\377\0004\000.\0005\000.\0002\000\040\000D\000o\000k\000u\000m\000e\000n\000t\000a\000c\000j\000a\000\040\000k\000o\000n\000s\000t\000r\000u\000k\000t\000o\000r\000a\000\040\000i\000\040\000d\000e\000s\000t\000r\000u\000k\000t\000o\000r\000a}{section.4.5}% 65
\BOOKMARK [3][-]{subsubsection.4.5.2.1}{\376\377\0004\000.\0005\000.\0002\000.\0001\000\040\000G\000a\000m\000e\000E\000v\000e\000n\000t\000\050\000\051}{subsection.4.5.2}% 66
\BOOKMARK [3][-]{subsubsection.4.5.2.2}{\376\377\0004\000.\0005\000.\0002\000.\0002\000\040\000\040\000G\000a\000m\000e\000E\000v\000e\000n\000t\000\050\000\051}{subsection.4.5.2}% 67
\BOOKMARK [2][-]{subsection.4.5.3}{\376\377\0004\000.\0005\000.\0003\000\040\000D\000o\000k\000u\000m\000e\000n\000t\000a\000c\000j\000a\000\040\000f\000u\000n\000k\000c\000j\000i\000\040\000s\000k\001\102\000a\000d\000o\000w\000y\000c\000h}{section.4.5}% 68
\BOOKMARK [3][-]{subsubsection.4.5.3.1}{\376\377\0004\000.\0005\000.\0003\000.\0001\000\040\000G\000e\000t\000E\000v\000e\000n\000t\000I\000n\000s\000t\000a\000n\000c\000e\000\050\000\051}{subsection.4.5.3}% 69
\BOOKMARK [3][-]{subsubsection.4.5.3.2}{\376\377\0004\000.\0005\000.\0003\000.\0002\000\040\000G\000e\000t\000I\000n\000s\000t\000a\000n\000c\000e\000\050\000\051}{subsection.4.5.3}% 70
\BOOKMARK [3][-]{subsubsection.4.5.3.3}{\376\377\0004\000.\0005\000.\0003\000.\0003\000\040\000h\000a\000n\000d\000l\000e\000E\000v\000e\000n\000t\000s\000\050\000\051}{subsection.4.5.3}% 71
\BOOKMARK [1][-]{section.4.6}{\376\377\0004\000.\0006\000\040\000D\000o\000k\000u\000m\000e\000n\000t\000a\000c\000j\000a\000\040\000k\000l\000a\000s\000y\000\040\000G\000a\000m\000e\000S\000o\000u\000n\000d}{chapter.4}% 72
\BOOKMARK [2][-]{subsection.4.6.1}{\376\377\0004\000.\0006\000.\0001\000\040\000O\000p\000i\000s\000\040\000s\000z\000c\000z\000e\000g\000\363\001\102\000o\000w\000y}{section.4.6}% 73
\BOOKMARK [2][-]{subsection.4.6.2}{\376\377\0004\000.\0006\000.\0002\000\040\000D\000o\000k\000u\000m\000e\000n\000t\000a\000c\000j\000a\000\040\000k\000o\000n\000s\000t\000r\000u\000k\000t\000o\000r\000a\000\040\000i\000\040\000d\000e\000s\000t\000r\000u\000k\000t\000o\000r\000a}{section.4.6}% 74
\BOOKMARK [3][-]{subsubsection.4.6.2.1}{\376\377\0004\000.\0006\000.\0002\000.\0001\000\040\000G\000a\000m\000e\000S\000o\000u\000n\000d\000\050\000\051}{subsection.4.6.2}% 75
\BOOKMARK [2][-]{subsection.4.6.3}{\376\377\0004\000.\0006\000.\0003\000\040\000D\000o\000k\000u\000m\000e\000n\000t\000a\000c\000j\000a\000\040\000f\000u\000n\000k\000c\000j\000i\000\040\000s\000k\001\102\000a\000d\000o\000w\000y\000c\000h}{section.4.6}% 76
\BOOKMARK [3][-]{subsubsection.4.6.3.1}{\376\377\0004\000.\0006\000.\0003\000.\0001\000\040\000P\000a\000u\000s\000e\000S\000a\000m\000p\000l\000e\000\050\000\051}{subsection.4.6.3}% 77
\BOOKMARK [3][-]{subsubsection.4.6.3.2}{\376\377\0004\000.\0006\000.\0003\000.\0002\000\040\000P\000l\000a\000y\000D\000e\000a\000t\000h\000\050\000\051}{subsection.4.6.3}% 78
\BOOKMARK [3][-]{subsubsection.4.6.3.3}{\376\377\0004\000.\0006\000.\0003\000.\0003\000\040\000P\000l\000a\000y\000M\000a\000i\000n\000M\000u\000s\000i\000c\000\050\000\051}{subsection.4.6.3}% 79
\BOOKMARK [3][-]{subsubsection.4.6.3.4}{\376\377\0004\000.\0006\000.\0003\000.\0004\000\040\000P\000l\000a\000y\000W\000i\000n\000\050\000\051}{subsection.4.6.3}% 80
\BOOKMARK [3][-]{subsubsection.4.6.3.5}{\376\377\0004\000.\0006\000.\0003\000.\0005\000\040\000S\000t\000a\000r\000t\000B\000a\000z\000o\000o\000k\000a\000S\000o\000u\000n\000d\000\050\000\051}{subsection.4.6.3}% 81
\BOOKMARK [3][-]{subsubsection.4.6.3.6}{\376\377\0004\000.\0006\000.\0003\000.\0006\000\040\000S\000t\000a\000r\000t\000R\000e\000v\000o\000l\000v\000e\000r\000S\000o\000u\000n\000d\000\050\000\051}{subsection.4.6.3}% 82
\BOOKMARK [3][-]{subsubsection.4.6.3.7}{\376\377\0004\000.\0006\000.\0003\000.\0007\000\040\000S\000t\000a\000r\000t\000S\000a\000m\000p\000l\000e\000\050\000\051}{subsection.4.6.3}% 83
\BOOKMARK [3][-]{subsubsection.4.6.3.8}{\376\377\0004\000.\0006\000.\0003\000.\0008\000\040\000S\000t\000o\000p\000B\000a\000z\000o\000o\000k\000a\000S\000o\000u\000n\000d\000\050\000\051}{subsection.4.6.3}% 84
\BOOKMARK [3][-]{subsubsection.4.6.3.9}{\376\377\0004\000.\0006\000.\0003\000.\0009\000\040\000S\000t\000o\000p\000D\000e\000a\000t\000h\000\050\000\051}{subsection.4.6.3}% 85
\BOOKMARK [3][-]{subsubsection.4.6.3.10}{\376\377\0004\000.\0006\000.\0003\000.\0001\0000\000\040\000S\000t\000o\000p\000R\000e\000v\000o\000l\000v\000e\000r\000S\000o\000u\000n\000d\000\050\000\051}{subsection.4.6.3}% 86
\BOOKMARK [3][-]{subsubsection.4.6.3.11}{\376\377\0004\000.\0006\000.\0003\000.\0001\0001\000\040\000S\000t\000o\000p\000S\000a\000m\000p\000l\000e\000\050\000\051}{subsection.4.6.3}% 87
\BOOKMARK [3][-]{subsubsection.4.6.3.12}{\376\377\0004\000.\0006\000.\0003\000.\0001\0002\000\040\000S\000t\000o\000p\000W\000i\000n\000\050\000\051}{subsection.4.6.3}% 88
\BOOKMARK [1][-]{section.4.7}{\376\377\0004\000.\0007\000\040\000D\000o\000k\000u\000m\000e\000n\000t\000a\000c\000j\000a\000\040\000k\000l\000a\000s\000y\000\040\000G\000a\000m\000e\000W\000i\000n\000d\000o\000w}{chapter.4}% 89
\BOOKMARK [2][-]{subsection.4.7.1}{\376\377\0004\000.\0007\000.\0001\000\040\000O\000p\000i\000s\000\040\000s\000z\000c\000z\000e\000g\000\363\001\102\000o\000w\000y}{section.4.7}% 90
\BOOKMARK [2][-]{subsection.4.7.2}{\376\377\0004\000.\0007\000.\0002\000\040\000D\000o\000k\000u\000m\000e\000n\000t\000a\000c\000j\000a\000\040\000k\000o\000n\000s\000t\000r\000u\000k\000t\000o\000r\000a\000\040\000i\000\040\000d\000e\000s\000t\000r\000u\000k\000t\000o\000r\000a}{section.4.7}% 91
\BOOKMARK [3][-]{subsubsection.4.7.2.1}{\376\377\0004\000.\0007\000.\0002\000.\0001\000\040\000G\000a\000m\000e\000W\000i\000n\000d\000o\000w\000\050\000\051\000\040\000[\0001\000/\0002\000]}{subsection.4.7.2}% 92
\BOOKMARK [3][-]{subsubsection.4.7.2.2}{\376\377\0004\000.\0007\000.\0002\000.\0002\000\040\000\040\000G\000a\000m\000e\000W\000i\000n\000d\000o\000w\000\050\000\051}{subsection.4.7.2}% 93
\BOOKMARK [3][-]{subsubsection.4.7.2.3}{\376\377\0004\000.\0007\000.\0002\000.\0003\000\040\000G\000a\000m\000e\000W\000i\000n\000d\000o\000w\000\050\000\051\000\040\000[\0002\000/\0002\000]}{subsection.4.7.2}% 94
\BOOKMARK [2][-]{subsection.4.7.3}{\376\377\0004\000.\0007\000.\0003\000\040\000D\000o\000k\000u\000m\000e\000n\000t\000a\000c\000j\000a\000\040\000f\000u\000n\000k\000c\000j\000i\000\040\000s\000k\001\102\000a\000d\000o\000w\000y\000c\000h}{section.4.7}% 95
\BOOKMARK [3][-]{subsubsection.4.7.3.1}{\376\377\0004\000.\0007\000.\0003\000.\0001\000\040\000C\000h\000a\000n\000g\000e\000F\000r\000a\000m\000e\000L\000i\000m\000i\000t\000\050\000\051}{subsection.4.7.3}% 96
\BOOKMARK [3][-]{subsubsection.4.7.3.2}{\376\377\0004\000.\0007\000.\0003\000.\0002\000\040\000G\000e\000t\000C\000u\000r\000r\000e\000n\000t\000T\000e\000a\000m\000\050\000\051}{subsection.4.7.3}% 97
\BOOKMARK [3][-]{subsubsection.4.7.3.3}{\376\377\0004\000.\0007\000.\0003\000.\0003\000\040\000G\000e\000t\000C\000u\000r\000r\000e\000n\000t\000W\000o\000r\000m\000\050\000\051}{subsection.4.7.3}% 98
\BOOKMARK [3][-]{subsubsection.4.7.3.4}{\376\377\0004\000.\0007\000.\0003\000.\0004\000\040\000G\000e\000t\000C\000u\000r\000r\000e\000n\000t\000W\000o\000r\000m\000I\000D\000\050\000\051}{subsection.4.7.3}% 99
\BOOKMARK [3][-]{subsubsection.4.7.3.5}{\376\377\0004\000.\0007\000.\0003\000.\0005\000\040\000G\000e\000t\000G\000a\000m\000e\000S\000o\000u\000n\000d\000\050\000\051}{subsection.4.7.3}% 100
\BOOKMARK [3][-]{subsubsection.4.7.3.6}{\376\377\0004\000.\0007\000.\0003\000.\0006\000\040\000G\000e\000t\000G\000a\000m\000e\000W\000i\000n\000d\000o\000w\000I\000n\000s\000t\000a\000n\000c\000e\000\050\000\051}{subsection.4.7.3}% 101
\BOOKMARK [3][-]{subsubsection.4.7.3.7}{\376\377\0004\000.\0007\000.\0003\000.\0007\000\040\000G\000e\000t\000I\000n\000s\000t\000a\000n\000c\000e\000\050\000\051}{subsection.4.7.3}% 102
\BOOKMARK [3][-]{subsubsection.4.7.3.8}{\376\377\0004\000.\0007\000.\0003\000.\0008\000\040\000G\000e\000t\000W\000o\000r\000m\000C\000o\000u\000n\000t\000\050\000\051}{subsection.4.7.3}% 103
\BOOKMARK [3][-]{subsubsection.4.7.3.9}{\376\377\0004\000.\0007\000.\0003\000.\0009\000\040\000G\000e\000t\000W\000o\000r\000m\000C\000o\000u\000n\000t\000B\000\050\000\051}{subsection.4.7.3}% 104
\BOOKMARK [3][-]{subsubsection.4.7.3.10}{\376\377\0004\000.\0007\000.\0003\000.\0001\0000\000\040\000G\000e\000t\000W\000o\000r\000m\000s\000A\000r\000r\000a\000y\000\050\000\051}{subsection.4.7.3}% 105
\BOOKMARK [3][-]{subsubsection.4.7.3.11}{\376\377\0004\000.\0007\000.\0003\000.\0001\0001\000\040\000G\000e\000t\000W\000o\000r\000m\000s\000A\000r\000r\000a\000y\000B\000\050\000\051}{subsection.4.7.3}% 106
\BOOKMARK [3][-]{subsubsection.4.7.3.12}{\376\377\0004\000.\0007\000.\0003\000.\0001\0002\000\040\000M\000a\000i\000n\000L\000o\000o\000p\000\050\000\051}{subsection.4.7.3}% 107
\BOOKMARK [3][-]{subsubsection.4.7.3.13}{\376\377\0004\000.\0007\000.\0003\000.\0001\0003\000\040\000S\000e\000t\000B\000a\000c\000k\000g\000r\000o\000u\000n\000d\000C\000o\000l\000o\000r\000\050\000\051}{subsection.4.7.3}% 108
\BOOKMARK [3][-]{subsubsection.4.7.3.14}{\376\377\0004\000.\0007\000.\0003\000.\0001\0004\000\040\000S\000e\000t\000C\000h\000o\000o\000s\000e\000S\000t\000a\000t\000e\000s\000\050\000\051}{subsection.4.7.3}% 109
\BOOKMARK [3][-]{subsubsection.4.7.3.15}{\376\377\0004\000.\0007\000.\0003\000.\0001\0005\000\040\000S\000w\000i\000t\000c\000h\000T\000o\000B\000l\000u\000e\000T\000e\000a\000m\000\050\000\051}{subsection.4.7.3}% 110
\BOOKMARK [3][-]{subsubsection.4.7.3.16}{\376\377\0004\000.\0007\000.\0003\000.\0001\0006\000\040\000S\000w\000i\000t\000c\000h\000T\000o\000R\000e\000d\000T\000e\000a\000m\000\050\000\051}{subsection.4.7.3}% 111
\BOOKMARK [3][-]{subsubsection.4.7.3.17}{\376\377\0004\000.\0007\000.\0003\000.\0001\0007\000\040\000U\000p\000d\000a\000t\000e\000W\000o\000r\000m\000s\000\050\000\051}{subsection.4.7.3}% 112
\BOOKMARK [3][-]{subsubsection.4.7.3.18}{\376\377\0004\000.\0007\000.\0003\000.\0001\0008\000\040\000U\000p\000d\000a\000t\000e\000W\000o\000r\000m\000s\000B\000\050\000\051}{subsection.4.7.3}% 113
\BOOKMARK [2][-]{subsection.4.7.4}{\376\377\0004\000.\0007\000.\0004\000\040\000D\000o\000k\000u\000m\000e\000n\000t\000a\000c\000j\000a\000\040\000a\000t\000r\000y\000b\000u\000t\000\363\000w\000\040\000s\000k\001\102\000a\000d\000o\000w\000y\000c\000h}{section.4.7}% 114
\BOOKMARK [3][-]{subsubsection.4.7.4.1}{\376\377\0004\000.\0007\000.\0004\000.\0001\000\040\000g\000a\000m\000e\000\137\000s\000t\000a\000r\000t\000e\000d}{subsection.4.7.4}% 115
\BOOKMARK [3][-]{subsubsection.4.7.4.2}{\376\377\0004\000.\0007\000.\0004\000.\0002\000\040\000g\000a\000m\000e\000\137\000s\000t\000a\000t\000e}{subsection.4.7.4}% 116
\BOOKMARK [3][-]{subsubsection.4.7.4.3}{\376\377\0004\000.\0007\000.\0004\000.\0003\000\040\000m\000e\000n\000u}{subsection.4.7.4}% 117
\BOOKMARK [3][-]{subsubsection.4.7.4.4}{\376\377\0004\000.\0007\000.\0004\000.\0004\000\040\000t\000e\000r\000r\000a\000i\000n}{subsection.4.7.4}% 118
\BOOKMARK [1][-]{section.4.8}{\376\377\0004\000.\0008\000\040\000D\000o\000k\000u\000m\000e\000n\000t\000a\000c\000j\000a\000\040\000k\000l\000a\000s\000y\000\040\000M\000e\000n\000u}{chapter.4}% 119
\BOOKMARK [2][-]{subsection.4.8.1}{\376\377\0004\000.\0008\000.\0001\000\040\000O\000p\000i\000s\000\040\000s\000z\000c\000z\000e\000g\000\363\001\102\000o\000w\000y}{section.4.8}% 120
\BOOKMARK [2][-]{subsection.4.8.2}{\376\377\0004\000.\0008\000.\0002\000\040\000D\000o\000k\000u\000m\000e\000n\000t\000a\000c\000j\000a\000\040\000k\000o\000n\000s\000t\000r\000u\000k\000t\000o\000r\000a\000\040\000i\000\040\000d\000e\000s\000t\000r\000u\000k\000t\000o\000r\000a}{section.4.8}% 121
\BOOKMARK [3][-]{subsubsection.4.8.2.1}{\376\377\0004\000.\0008\000.\0002\000.\0001\000\040\000M\000e\000n\000u\000\050\000\051}{subsection.4.8.2}% 122
\BOOKMARK [2][-]{subsection.4.8.3}{\376\377\0004\000.\0008\000.\0003\000\040\000D\000o\000k\000u\000m\000e\000n\000t\000a\000c\000j\000a\000\040\000f\000u\000n\000k\000c\000j\000i\000\040\000s\000k\001\102\000a\000d\000o\000w\000y\000c\000h}{section.4.8}% 123
\BOOKMARK [3][-]{subsubsection.4.8.3.1}{\376\377\0004\000.\0008\000.\0003\000.\0001\000\040\000c\000h\000a\000n\000g\000e\000M\000e\000n\000u\000\050\000\051}{subsection.4.8.3}% 124
\BOOKMARK [3][-]{subsubsection.4.8.3.2}{\376\377\0004\000.\0008\000.\0003\000.\0002\000\040\000c\000l\000e\000a\000r\000\050\000\051}{subsection.4.8.3}% 125
\BOOKMARK [3][-]{subsubsection.4.8.3.3}{\376\377\0004\000.\0008\000.\0003\000.\0003\000\040\000c\000l\000e\000a\000r\000C\000l\000i\000c\000k\000e\000d\000B\000u\000t\000t\000o\000n\000\050\000\051}{subsection.4.8.3}% 126
\BOOKMARK [3][-]{subsubsection.4.8.3.4}{\376\377\0004\000.\0008\000.\0003\000.\0004\000\040\000d\000r\000a\000w\000\050\000\051}{subsection.4.8.3}% 127
\BOOKMARK [3][-]{subsubsection.4.8.3.5}{\376\377\0004\000.\0008\000.\0003\000.\0005\000\040\000g\000e\000t\000B\000u\000t\000t\000o\000n\000\050\000\051}{subsection.4.8.3}% 128
\BOOKMARK [1][-]{section.4.9}{\376\377\0004\000.\0009\000\040\000D\000o\000k\000u\000m\000e\000n\000t\000a\000c\000j\000a\000\040\000k\000l\000a\000s\000y\000\040\000R\000e\000v\000o\000l\000v\000e\000r}{chapter.4}% 129
\BOOKMARK [2][-]{subsection.4.9.1}{\376\377\0004\000.\0009\000.\0001\000\040\000O\000p\000i\000s\000\040\000s\000z\000c\000z\000e\000g\000\363\001\102\000o\000w\000y}{section.4.9}% 130
\BOOKMARK [2][-]{subsection.4.9.2}{\376\377\0004\000.\0009\000.\0002\000\040\000D\000o\000k\000u\000m\000e\000n\000t\000a\000c\000j\000a\000\040\000k\000o\000n\000s\000t\000r\000u\000k\000t\000o\000r\000a\000\040\000i\000\040\000d\000e\000s\000t\000r\000u\000k\000t\000o\000r\000a}{section.4.9}% 131
\BOOKMARK [3][-]{subsubsection.4.9.2.1}{\376\377\0004\000.\0009\000.\0002\000.\0001\000\040\000R\000e\000v\000o\000l\000v\000e\000r\000\050\000\051\000\040\000[\0001\000/\0002\000]}{subsection.4.9.2}% 132
\BOOKMARK [3][-]{subsubsection.4.9.2.2}{\376\377\0004\000.\0009\000.\0002\000.\0002\000\040\000R\000e\000v\000o\000l\000v\000e\000r\000\050\000\051\000\040\000[\0002\000/\0002\000]}{subsection.4.9.2}% 133
\BOOKMARK [3][-]{subsubsection.4.9.2.3}{\376\377\0004\000.\0009\000.\0002\000.\0003\000\040\000\040\000R\000e\000v\000o\000l\000v\000e\000r\000\050\000\051}{subsection.4.9.2}% 134
\BOOKMARK [2][-]{subsection.4.9.3}{\376\377\0004\000.\0009\000.\0003\000\040\000D\000o\000k\000u\000m\000e\000n\000t\000a\000c\000j\000a\000\040\000f\000u\000n\000k\000c\000j\000i\000\040\000s\000k\001\102\000a\000d\000o\000w\000y\000c\000h}{section.4.9}% 135
\BOOKMARK [3][-]{subsubsection.4.9.3.1}{\376\377\0004\000.\0009\000.\0003\000.\0001\000\040\000p\000l\000a\000y\000S\000h\000o\000o\000t\000S\000o\000u\000n\000d\000\050\000\051}{subsection.4.9.3}% 136
\BOOKMARK [1][-]{section.4.10}{\376\377\0004\000.\0001\0000\000\040\000D\000o\000k\000u\000m\000e\000n\000t\000a\000c\000j\000a\000\040\000k\000l\000a\000s\000y\000\040\000T\000e\000r\000r\000a\000i\000n}{chapter.4}% 137
\BOOKMARK [2][-]{subsection.4.10.1}{\376\377\0004\000.\0001\0000\000.\0001\000\040\000O\000p\000i\000s\000\040\000s\000z\000c\000z\000e\000g\000\363\001\102\000o\000w\000y}{section.4.10}% 138
\BOOKMARK [2][-]{subsection.4.10.2}{\376\377\0004\000.\0001\0000\000.\0002\000\040\000D\000o\000k\000u\000m\000e\000n\000t\000a\000c\000j\000a\000\040\000k\000o\000n\000s\000t\000r\000u\000k\000t\000o\000r\000a\000\040\000i\000\040\000d\000e\000s\000t\000r\000u\000k\000t\000o\000r\000a}{section.4.10}% 139
\BOOKMARK [3][-]{subsubsection.4.10.2.1}{\376\377\0004\000.\0001\0000\000.\0002\000.\0001\000\040\000T\000e\000r\000r\000a\000i\000n\000\050\000\051}{subsection.4.10.2}% 140
\BOOKMARK [2][-]{subsection.4.10.3}{\376\377\0004\000.\0001\0000\000.\0003\000\040\000D\000o\000k\000u\000m\000e\000n\000t\000a\000c\000j\000a\000\040\000f\000u\000n\000k\000c\000j\000i\000\040\000s\000k\001\102\000a\000d\000o\000w\000y\000c\000h}{section.4.10}% 141
\BOOKMARK [3][-]{subsubsection.4.10.3.1}{\376\377\0004\000.\0001\0000\000.\0003\000.\0001\000\040\000d\000r\000a\000w\000\050\000\051}{subsection.4.10.3}% 142
\BOOKMARK [3][-]{subsubsection.4.10.3.2}{\376\377\0004\000.\0001\0000\000.\0003\000.\0002\000\040\000e\000r\000a\000s\000e\000\050\000\051}{subsection.4.10.3}% 143
\BOOKMARK [3][-]{subsubsection.4.10.3.3}{\376\377\0004\000.\0001\0000\000.\0003\000.\0003\000\040\000r\000e\000s\000e\000t\000\050\000\051}{subsection.4.10.3}% 144
\BOOKMARK [2][-]{subsection.4.10.4}{\376\377\0004\000.\0001\0000\000.\0004\000\040\000D\000o\000k\000u\000m\000e\000n\000t\000a\000c\000j\000a\000\040\000a\000t\000r\000y\000b\000u\000t\000\363\000w\000\040\000s\000k\001\102\000a\000d\000o\000w\000y\000c\000h}{section.4.10}% 145
\BOOKMARK [3][-]{subsubsection.4.10.4.1}{\376\377\0004\000.\0001\0000\000.\0004\000.\0001\000\040\000m\000a\000p}{subsection.4.10.4}% 146
\BOOKMARK [1][-]{section.4.11}{\376\377\0004\000.\0001\0001\000\040\000D\000o\000k\000u\000m\000e\000n\000t\000a\000c\000j\000a\000\040\000k\000l\000a\000s\000y\000\040\000W\000a\000t\000e\000r}{chapter.4}% 147
\BOOKMARK [2][-]{subsection.4.11.1}{\376\377\0004\000.\0001\0001\000.\0001\000\040\000O\000p\000i\000s\000\040\000s\000z\000c\000z\000e\000g\000\363\001\102\000o\000w\000y}{section.4.11}% 148
\BOOKMARK [2][-]{subsection.4.11.2}{\376\377\0004\000.\0001\0001\000.\0002\000\040\000D\000o\000k\000u\000m\000e\000n\000t\000a\000c\000j\000a\000\040\000k\000o\000n\000s\000t\000r\000u\000k\000t\000o\000r\000a\000\040\000i\000\040\000d\000e\000s\000t\000r\000u\000k\000t\000o\000r\000a}{section.4.11}% 149
\BOOKMARK [3][-]{subsubsection.4.11.2.1}{\376\377\0004\000.\0001\0001\000.\0002\000.\0001\000\040\000W\000a\000t\000e\000r\000\050\000\051}{subsection.4.11.2}% 150
\BOOKMARK [2][-]{subsection.4.11.3}{\376\377\0004\000.\0001\0001\000.\0003\000\040\000D\000o\000k\000u\000m\000e\000n\000t\000a\000c\000j\000a\000\040\000f\000u\000n\000k\000c\000j\000i\000\040\000s\000k\001\102\000a\000d\000o\000w\000y\000c\000h}{section.4.11}% 151
\BOOKMARK [3][-]{subsubsection.4.11.3.1}{\376\377\0004\000.\0001\0001\000.\0003\000.\0001\000\040\000d\000r\000a\000w\000\050\000\051}{subsection.4.11.3}% 152
\BOOKMARK [3][-]{subsubsection.4.11.3.2}{\376\377\0004\000.\0001\0001\000.\0003\000.\0002\000\040\000u\000p\000d\000a\000t\000e\000\050\000\051}{subsection.4.11.3}% 153
\BOOKMARK [1][-]{section.4.12}{\376\377\0004\000.\0001\0002\000\040\000D\000o\000k\000u\000m\000e\000n\000t\000a\000c\000j\000a\000\040\000k\000l\000a\000s\000y\000\040\000W\000e\000a\000p\000o\000n}{chapter.4}% 154
\BOOKMARK [2][-]{subsection.4.12.1}{\376\377\0004\000.\0001\0002\000.\0001\000\040\000O\000p\000i\000s\000\040\000s\000z\000c\000z\000e\000g\000\363\001\102\000o\000w\000y}{section.4.12}% 155
\BOOKMARK [2][-]{subsection.4.12.2}{\376\377\0004\000.\0001\0002\000.\0002\000\040\000D\000o\000k\000u\000m\000e\000n\000t\000a\000c\000j\000a\000\040\000k\000o\000n\000s\000t\000r\000u\000k\000t\000o\000r\000a\000\040\000i\000\040\000d\000e\000s\000t\000r\000u\000k\000t\000o\000r\000a}{section.4.12}% 156
\BOOKMARK [3][-]{subsubsection.4.12.2.1}{\376\377\0004\000.\0001\0002\000.\0002\000.\0001\000\040\000W\000e\000a\000p\000o\000n\000\050\000\051\000\040\000[\0001\000/\0002\000]}{subsection.4.12.2}% 157
\BOOKMARK [3][-]{subsubsection.4.12.2.2}{\376\377\0004\000.\0001\0002\000.\0002\000.\0002\000\040\000W\000e\000a\000p\000o\000n\000\050\000\051\000\040\000[\0002\000/\0002\000]}{subsection.4.12.2}% 158
\BOOKMARK [3][-]{subsubsection.4.12.2.3}{\376\377\0004\000.\0001\0002\000.\0002\000.\0003\000\040\000\040\000W\000e\000a\000p\000o\000n\000\050\000\051}{subsection.4.12.2}% 159
\BOOKMARK [2][-]{subsection.4.12.3}{\376\377\0004\000.\0001\0002\000.\0003\000\040\000D\000o\000k\000u\000m\000e\000n\000t\000a\000c\000j\000a\000\040\000f\000u\000n\000k\000c\000j\000i\000\040\000s\000k\001\102\000a\000d\000o\000w\000y\000c\000h}{section.4.12}% 160
\BOOKMARK [3][-]{subsubsection.4.12.3.1}{\376\377\0004\000.\0001\0002\000.\0003\000.\0001\000\040\000d\000r\000a\000w\000\050\000\051}{subsection.4.12.3}% 161
\BOOKMARK [3][-]{subsubsection.4.12.3.2}{\376\377\0004\000.\0001\0002\000.\0003\000.\0002\000\040\000g\000e\000t\000B\000u\000l\000l\000e\000t\000\050\000\051}{subsection.4.12.3}% 162
\BOOKMARK [3][-]{subsubsection.4.12.3.3}{\376\377\0004\000.\0001\0002\000.\0003\000.\0003\000\040\000g\000e\000t\000D\000a\000m\000a\000g\000e\000\050\000\051}{subsection.4.12.3}% 163
\BOOKMARK [3][-]{subsubsection.4.12.3.4}{\376\377\0004\000.\0001\0002\000.\0003\000.\0004\000\040\000g\000e\000t\000I\000s\000S\000h\000o\000o\000t\000i\000n\000g\000\050\000\051}{subsection.4.12.3}% 164
\BOOKMARK [3][-]{subsubsection.4.12.3.5}{\376\377\0004\000.\0001\0002\000.\0003\000.\0005\000\040\000g\000e\000t\000P\000o\000s\000X\000\050\000\051}{subsection.4.12.3}% 165
\BOOKMARK [3][-]{subsubsection.4.12.3.6}{\376\377\0004\000.\0001\0002\000.\0003\000.\0006\000\040\000g\000e\000t\000P\000o\000s\000Y\000\050\000\051}{subsection.4.12.3}% 166
\BOOKMARK [3][-]{subsubsection.4.12.3.7}{\376\377\0004\000.\0001\0002\000.\0003\000.\0007\000\040\000g\000e\000t\000R\000o\000t\000a\000t\000i\000o\000n\000\050\000\051}{subsection.4.12.3}% 167
\BOOKMARK [3][-]{subsubsection.4.12.3.8}{\376\377\0004\000.\0001\0002\000.\0003\000.\0008\000\040\000g\000e\000t\000S\000c\000a\000l\000e\000\050\000\051}{subsection.4.12.3}% 168
\BOOKMARK [3][-]{subsubsection.4.12.3.9}{\376\377\0004\000.\0001\0002\000.\0003\000.\0009\000\040\000g\000e\000t\000S\000c\000a\000l\000e\000V\000e\000c\000t\000o\000r\000\050\000\051}{subsection.4.12.3}% 169
\BOOKMARK [3][-]{subsubsection.4.12.3.10}{\376\377\0004\000.\0001\0002\000.\0003\000.\0001\0000\000\040\000g\000e\000t\000S\000p\000r\000i\000t\000e\000\050\000\051}{subsection.4.12.3}% 170
\BOOKMARK [3][-]{subsubsection.4.12.3.11}{\376\377\0004\000.\0001\0002\000.\0003\000.\0001\0001\000\040\000p\000l\000a\000y\000S\000h\000o\000o\000t\000S\000o\000u\000n\000d\000\050\000\051}{subsection.4.12.3}% 171
\BOOKMARK [3][-]{subsubsection.4.12.3.12}{\376\377\0004\000.\0001\0002\000.\0003\000.\0001\0002\000\040\000s\000e\000t\000B\000u\000l\000l\000e\000t\000\050\000\051}{subsection.4.12.3}% 172
\BOOKMARK [3][-]{subsubsection.4.12.3.13}{\376\377\0004\000.\0001\0002\000.\0003\000.\0001\0003\000\040\000s\000e\000t\000D\000a\000m\000a\000g\000e\000\050\000\051}{subsection.4.12.3}% 173
\BOOKMARK [3][-]{subsubsection.4.12.3.14}{\376\377\0004\000.\0001\0002\000.\0003\000.\0001\0004\000\040\000s\000e\000t\000I\000s\000S\000h\000o\000o\000t\000i\000n\000g\000\050\000\051}{subsection.4.12.3}% 174
\BOOKMARK [3][-]{subsubsection.4.12.3.15}{\376\377\0004\000.\0001\0002\000.\0003\000.\0001\0005\000\040\000s\000e\000t\000P\000o\000s\000X\000\050\000\051}{subsection.4.12.3}% 175
\BOOKMARK [3][-]{subsubsection.4.12.3.16}{\376\377\0004\000.\0001\0002\000.\0003\000.\0001\0006\000\040\000s\000e\000t\000P\000o\000s\000Y\000\050\000\051}{subsection.4.12.3}% 176
\BOOKMARK [3][-]{subsubsection.4.12.3.17}{\376\377\0004\000.\0001\0002\000.\0003\000.\0001\0007\000\040\000s\000e\000t\000R\000o\000t\000a\000t\000i\000o\000n\000\050\000\051}{subsection.4.12.3}% 177
\BOOKMARK [3][-]{subsubsection.4.12.3.18}{\376\377\0004\000.\0001\0002\000.\0003\000.\0001\0008\000\040\000s\000e\000t\000S\000c\000a\000l\000e\000\050\000\051}{subsection.4.12.3}% 178
\BOOKMARK [3][-]{subsubsection.4.12.3.19}{\376\377\0004\000.\0001\0002\000.\0003\000.\0001\0009\000\040\000s\000e\000t\000S\000c\000a\000l\000e\000V\000e\000c\000t\000o\000r\000\050\000\051}{subsection.4.12.3}% 179
\BOOKMARK [3][-]{subsubsection.4.12.3.20}{\376\377\0004\000.\0001\0002\000.\0003\000.\0002\0000\000\040\000s\000h\000o\000o\000t\000\050\000\051}{subsection.4.12.3}% 180
\BOOKMARK [3][-]{subsubsection.4.12.3.21}{\376\377\0004\000.\0001\0002\000.\0003\000.\0002\0001\000\040\000u\000p\000d\000a\000t\000e\000\050\000\051}{subsection.4.12.3}% 181
\BOOKMARK [2][-]{subsection.4.12.4}{\376\377\0004\000.\0001\0002\000.\0004\000\040\000D\000o\000k\000u\000m\000e\000n\000t\000a\000c\000j\000a\000\040\000a\000t\000r\000y\000b\000u\000t\000\363\000w\000\040\000s\000k\001\102\000a\000d\000o\000w\000y\000c\000h}{section.4.12}% 182
\BOOKMARK [3][-]{subsubsection.4.12.4.1}{\376\377\0004\000.\0001\0002\000.\0004\000.\0001\000\040\000b\000u\000l\000l\000e\000t}{subsection.4.12.4}% 183
\BOOKMARK [3][-]{subsubsection.4.12.4.2}{\376\377\0004\000.\0001\0002\000.\0004\000.\0002\000\040\000d\000a\000m\000a\000g\000e}{subsection.4.12.4}% 184
\BOOKMARK [3][-]{subsubsection.4.12.4.3}{\376\377\0004\000.\0001\0002\000.\0004\000.\0003\000\040\000i\000s\000S\000h\000o\000o\000t\000i\000n\000g}{subsection.4.12.4}% 185
\BOOKMARK [3][-]{subsubsection.4.12.4.4}{\376\377\0004\000.\0001\0002\000.\0004\000.\0004\000\040\000p\000o\000s\000X}{subsection.4.12.4}% 186
\BOOKMARK [3][-]{subsubsection.4.12.4.5}{\376\377\0004\000.\0001\0002\000.\0004\000.\0005\000\040\000p\000o\000s\000Y}{subsection.4.12.4}% 187
\BOOKMARK [3][-]{subsubsection.4.12.4.6}{\376\377\0004\000.\0001\0002\000.\0004\000.\0006\000\040\000r\000o\000t\000a\000t\000i\000o\000n}{subsection.4.12.4}% 188
\BOOKMARK [3][-]{subsubsection.4.12.4.7}{\376\377\0004\000.\0001\0002\000.\0004\000.\0007\000\040\000s\000c\000a\000l\000e}{subsection.4.12.4}% 189
\BOOKMARK [3][-]{subsubsection.4.12.4.8}{\376\377\0004\000.\0001\0002\000.\0004\000.\0008\000\040\000s\000c\000a\000l\000e\000V\000e\000c\000t\000o\000r}{subsection.4.12.4}% 190
\BOOKMARK [3][-]{subsubsection.4.12.4.9}{\376\377\0004\000.\0001\0002\000.\0004\000.\0009\000\040\000s\000p\000r\000i\000t\000e}{subsection.4.12.4}% 191
\BOOKMARK [3][-]{subsubsection.4.12.4.10}{\376\377\0004\000.\0001\0002\000.\0004\000.\0001\0000\000\040\000t\000e\000x\000t\000u\000r\000e}{subsection.4.12.4}% 192
\BOOKMARK [3][-]{subsubsection.4.12.4.11}{\376\377\0004\000.\0001\0002\000.\0004\000.\0001\0001\000\040\000t\000e\000x\000t\000u\000r\000e\000P\000a\000t\000h}{subsection.4.12.4}% 193
\BOOKMARK [1][-]{section.4.13}{\376\377\0004\000.\0001\0003\000\040\000D\000o\000k\000u\000m\000e\000n\000t\000a\000c\000j\000a\000\040\000k\000l\000a\000s\000y\000\040\000W\000o\000r\000m}{chapter.4}% 194
\BOOKMARK [2][-]{subsection.4.13.1}{\376\377\0004\000.\0001\0003\000.\0001\000\040\000O\000p\000i\000s\000\040\000s\000z\000c\000z\000e\000g\000\363\001\102\000o\000w\000y}{section.4.13}% 195
\BOOKMARK [2][-]{subsection.4.13.2}{\376\377\0004\000.\0001\0003\000.\0002\000\040\000D\000o\000k\000u\000m\000e\000n\000t\000a\000c\000j\000a\000\040\000k\000o\000n\000s\000t\000r\000u\000k\000t\000o\000r\000a\000\040\000i\000\040\000d\000e\000s\000t\000r\000u\000k\000t\000o\000r\000a}{section.4.13}% 196
\BOOKMARK [3][-]{subsubsection.4.13.2.1}{\376\377\0004\000.\0001\0003\000.\0002\000.\0001\000\040\000W\000o\000r\000m\000\050\000\051}{subsection.4.13.2}% 197
\BOOKMARK [3][-]{subsubsection.4.13.2.2}{\376\377\0004\000.\0001\0003\000.\0002\000.\0002\000\040\000\040\000W\000o\000r\000m\000\050\000\051}{subsection.4.13.2}% 198
\BOOKMARK [2][-]{subsection.4.13.3}{\376\377\0004\000.\0001\0003\000.\0003\000\040\000D\000o\000k\000u\000m\000e\000n\000t\000a\000c\000j\000a\000\040\000f\000u\000n\000k\000c\000j\000i\000\040\000s\000k\001\102\000a\000d\000o\000w\000y\000c\000h}{section.4.13}% 199
\BOOKMARK [3][-]{subsubsection.4.13.3.1}{\376\377\0004\000.\0001\0003\000.\0003\000.\0001\000\040\000b\000o\000t\000t\000o\000m\000\050\000\051}{subsection.4.13.3}% 200
\BOOKMARK [3][-]{subsubsection.4.13.3.2}{\376\377\0004\000.\0001\0003\000.\0003\000.\0002\000\040\000c\000h\000e\000c\000k\000C\000o\000l\000l\000i\000s\000i\000o\000n\000\050\000\051}{subsection.4.13.3}% 201
\BOOKMARK [3][-]{subsubsection.4.13.3.3}{\376\377\0004\000.\0001\0003\000.\0003\000.\0003\000\040\000d\000a\000m\000a\000g\000e\000\050\000\051}{subsection.4.13.3}% 202
\BOOKMARK [3][-]{subsubsection.4.13.3.4}{\376\377\0004\000.\0001\0003\000.\0003\000.\0004\000\040\000d\000e\000l\000e\000t\000e\000W\000e\000a\000p\000o\000n\000\050\000\051}{subsection.4.13.3}% 203
\BOOKMARK [3][-]{subsubsection.4.13.3.5}{\376\377\0004\000.\0001\0003\000.\0003\000.\0005\000\040\000d\000r\000a\000w\000\050\000\051}{subsection.4.13.3}% 204
\BOOKMARK [3][-]{subsubsection.4.13.3.6}{\376\377\0004\000.\0001\0003\000.\0003\000.\0006\000\040\000g\000e\000t\000D\000e\000b\000u\000g\000T\000x\000t\000\050\000\051}{subsection.4.13.3}% 205
\BOOKMARK [3][-]{subsubsection.4.13.3.7}{\376\377\0004\000.\0001\0003\000.\0003\000.\0007\000\040\000g\000e\000t\000O\000f\000f\000s\000e\000t\000Y\000\050\000\051}{subsection.4.13.3}% 206
\BOOKMARK [3][-]{subsubsection.4.13.3.8}{\376\377\0004\000.\0001\0003\000.\0003\000.\0008\000\040\000g\000e\000t\000S\000c\000a\000l\000e\000\050\000\051}{subsection.4.13.3}% 207
\BOOKMARK [3][-]{subsubsection.4.13.3.9}{\376\377\0004\000.\0001\0003\000.\0003\000.\0009\000\040\000g\000e\000t\000S\000p\000r\000i\000t\000e\000\050\000\051}{subsection.4.13.3}% 208
\BOOKMARK [3][-]{subsubsection.4.13.3.10}{\376\377\0004\000.\0001\0003\000.\0003\000.\0001\0000\000\040\000g\000e\000t\000W\000e\000a\000p\000o\000n\000\050\000\051}{subsection.4.13.3}% 209
\BOOKMARK [3][-]{subsubsection.4.13.3.11}{\376\377\0004\000.\0001\0003\000.\0003\000.\0001\0001\000\040\000g\000e\000t\000W\000o\000r\000m\000X\000\050\000\051}{subsection.4.13.3}% 210
\BOOKMARK [3][-]{subsubsection.4.13.3.12}{\376\377\0004\000.\0001\0003\000.\0003\000.\0001\0002\000\040\000g\000e\000t\000W\000o\000r\000m\000Y\000\050\000\051}{subsection.4.13.3}% 211
\BOOKMARK [3][-]{subsubsection.4.13.3.13}{\376\377\0004\000.\0001\0003\000.\0003\000.\0001\0003\000\040\000h\000a\000s\000W\000e\000a\000p\000o\000n\000\050\000\051}{subsection.4.13.3}% 212
\BOOKMARK [3][-]{subsubsection.4.13.3.14}{\376\377\0004\000.\0001\0003\000.\0003\000.\0001\0004\000\040\000i\000s\000A\000l\000i\000v\000e\000\050\000\051}{subsection.4.13.3}% 213
\BOOKMARK [3][-]{subsubsection.4.13.3.15}{\376\377\0004\000.\0001\0003\000.\0003\000.\0001\0005\000\040\000i\000s\000L\000o\000o\000k\000i\000n\000g\000O\000n\000L\000e\000f\000t\000\050\000\051}{subsection.4.13.3}% 214
\BOOKMARK [3][-]{subsubsection.4.13.3.16}{\376\377\0004\000.\0001\0003\000.\0003\000.\0001\0006\000\040\000j\000u\000m\000p\000\050\000\051}{subsection.4.13.3}% 215
\BOOKMARK [3][-]{subsubsection.4.13.3.17}{\376\377\0004\000.\0001\0003\000.\0003\000.\0001\0007\000\040\000l\000e\000f\000t\000\050\000\051}{subsection.4.13.3}% 216
\BOOKMARK [3][-]{subsubsection.4.13.3.18}{\376\377\0004\000.\0001\0003\000.\0003\000.\0001\0008\000\040\000l\000o\000o\000k\000L\000e\000f\000t\000\050\000\051}{subsection.4.13.3}% 217
\BOOKMARK [3][-]{subsubsection.4.13.3.19}{\376\377\0004\000.\0001\0003\000.\0003\000.\0001\0009\000\040\000l\000o\000o\000k\000R\000i\000g\000h\000t\000\050\000\051}{subsection.4.13.3}% 218
\BOOKMARK [3][-]{subsubsection.4.13.3.20}{\376\377\0004\000.\0001\0003\000.\0003\000.\0002\0000\000\040\000m\000o\000v\000e\000L\000e\000f\000t\000\050\000\051}{subsection.4.13.3}% 219
\BOOKMARK [3][-]{subsubsection.4.13.3.21}{\376\377\0004\000.\0001\0003\000.\0003\000.\0002\0001\000\040\000m\000o\000v\000e\000R\000i\000g\000h\000t\000\050\000\051}{subsection.4.13.3}% 220
\BOOKMARK [3][-]{subsubsection.4.13.3.22}{\376\377\0004\000.\0001\0003\000.\0003\000.\0002\0002\000\040\000r\000i\000g\000h\000t\000\050\000\051}{subsection.4.13.3}% 221
\BOOKMARK [3][-]{subsubsection.4.13.3.23}{\376\377\0004\000.\0001\0003\000.\0003\000.\0002\0003\000\040\000s\000e\000t\000C\000h\000o\000o\000s\000e\000n\000\050\000\051}{subsection.4.13.3}% 222
\BOOKMARK [3][-]{subsubsection.4.13.3.24}{\376\377\0004\000.\0001\0003\000.\0003\000.\0002\0004\000\040\000s\000e\000t\000C\000o\000l\000M\000a\000p\000\050\000\051}{subsection.4.13.3}% 223
\BOOKMARK [3][-]{subsubsection.4.13.3.25}{\376\377\0004\000.\0001\0003\000.\0003\000.\0002\0005\000\040\000s\000e\000t\000N\000o\000r\000m\000a\000l\000\050\000\051}{subsection.4.13.3}% 224
\BOOKMARK [3][-]{subsubsection.4.13.3.26}{\376\377\0004\000.\0001\0003\000.\0003\000.\0002\0006\000\040\000s\000e\000t\000T\000e\000a\000m\000\050\000\051}{subsection.4.13.3}% 225
\BOOKMARK [3][-]{subsubsection.4.13.3.27}{\376\377\0004\000.\0001\0003\000.\0003\000.\0002\0007\000\040\000s\000e\000t\000W\000e\000a\000p\000o\000n\000\050\000\051}{subsection.4.13.3}% 226
\BOOKMARK [3][-]{subsubsection.4.13.3.28}{\376\377\0004\000.\0001\0003\000.\0003\000.\0002\0008\000\040\000s\000t\000o\000p\000M\000o\000v\000e\000\050\000\051}{subsection.4.13.3}% 227
\BOOKMARK [3][-]{subsubsection.4.13.3.29}{\376\377\0004\000.\0001\0003\000.\0003\000.\0002\0009\000\040\000t\000o\000p\000\050\000\051}{subsection.4.13.3}% 228
\BOOKMARK [3][-]{subsubsection.4.13.3.30}{\376\377\0004\000.\0001\0003\000.\0003\000.\0003\0000\000\040\000u\000p\000d\000a\000t\000e\000\050\000\051}{subsection.4.13.3}% 229
\BOOKMARK [2][-]{subsection.4.13.4}{\376\377\0004\000.\0001\0003\000.\0004\000\040\000D\000o\000k\000u\000m\000e\000n\000t\000a\000c\000j\000a\000\040\000a\000t\000r\000y\000b\000u\000t\000\363\000w\000\040\000s\000k\001\102\000a\000d\000o\000w\000y\000c\000h}{section.4.13}% 230
\BOOKMARK [3][-]{subsubsection.4.13.4.1}{\376\377\0004\000.\0001\0003\000.\0004\000.\0001\000\040\000c\000o\000l\000l\000i\000s\000i\000o\000n\000P\000o\000i\000n\000t\000s}{subsection.4.13.4}% 231
\BOOKMARK [0][-]{chapter.5}{\376\377\0005\000\040\000D\000o\000k\000u\000m\000e\000n\000t\000a\000c\000j\000a\000\040\000p\000l\000i\000k\000\363\000w}{}% 232
\BOOKMARK [1][-]{section.5.1}{\376\377\0005\000.\0001\000\040\000D\000o\000k\000u\000m\000e\000n\000t\000a\000c\000j\000a\000\040\000p\000l\000i\000k\000u\000\040\000D\000:\000/\000P\000r\000o\000j\000e\000k\000t\000y\000/\000C\000+\000+\000/\000P\000r\000o\000g\000r\000a\000m\000o\000w\000a\000n\000i\000e\000\040\000w\000\040\000C\0002\000/\000W\000o\000r\000m\000s\000\040\0002\000D\000/\000W\000o\000r\000m\000s\000\040\0002\000D\000/\000B\000a\000z\000o\000o\000k\000a\000.\000c\000p\000p}{chapter.5}% 233
\BOOKMARK [1][-]{section.5.2}{\376\377\0005\000.\0002\000\040\000D\000o\000k\000u\000m\000e\000n\000t\000a\000c\000j\000a\000\040\000p\000l\000i\000k\000u\000\040\000D\000:\000/\000P\000r\000o\000j\000e\000k\000t\000y\000/\000C\000+\000+\000/\000P\000r\000o\000g\000r\000a\000m\000o\000w\000a\000n\000i\000e\000\040\000w\000\040\000C\0002\000/\000W\000o\000r\000m\000s\000\040\0002\000D\000/\000W\000o\000r\000m\000s\000\040\0002\000D\000/\000B\000a\000z\000o\000o\000k\000a\000.\000h}{chapter.5}% 234
\BOOKMARK [1][-]{section.5.3}{\376\377\0005\000.\0003\000\040\000D\000o\000k\000u\000m\000e\000n\000t\000a\000c\000j\000a\000\040\000p\000l\000i\000k\000u\000\040\000D\000:\000/\000P\000r\000o\000j\000e\000k\000t\000y\000/\000C\000+\000+\000/\000P\000r\000o\000g\000r\000a\000m\000o\000w\000a\000n\000i\000e\000\040\000w\000\040\000C\0002\000/\000W\000o\000r\000m\000s\000\040\0002\000D\000/\000W\000o\000r\000m\000s\000\040\0002\000D\000/\000B\000u\000l\000l\000e\000t\000.\000c\000p\000p}{chapter.5}% 235
\BOOKMARK [1][-]{section.5.4}{\376\377\0005\000.\0004\000\040\000D\000o\000k\000u\000m\000e\000n\000t\000a\000c\000j\000a\000\040\000p\000l\000i\000k\000u\000\040\000D\000:\000/\000P\000r\000o\000j\000e\000k\000t\000y\000/\000C\000+\000+\000/\000P\000r\000o\000g\000r\000a\000m\000o\000w\000a\000n\000i\000e\000\040\000w\000\040\000C\0002\000/\000W\000o\000r\000m\000s\000\040\0002\000D\000/\000W\000o\000r\000m\000s\000\040\0002\000D\000/\000B\000u\000l\000l\000e\000t\000.\000h}{chapter.5}% 236
\BOOKMARK [1][-]{section.5.5}{\376\377\0005\000.\0005\000\040\000D\000o\000k\000u\000m\000e\000n\000t\000a\000c\000j\000a\000\040\000p\000l\000i\000k\000u\000\040\000D\000:\000/\000P\000r\000o\000j\000e\000k\000t\000y\000/\000C\000+\000+\000/\000P\000r\000o\000g\000r\000a\000m\000o\000w\000a\000n\000i\000e\000\040\000w\000\040\000C\0002\000/\000W\000o\000r\000m\000s\000\040\0002\000D\000/\000W\000o\000r\000m\000s\000\040\0002\000D\000/\000B\000u\000t\000t\000o\000n\000.\000c\000p\000p}{chapter.5}% 237
\BOOKMARK [1][-]{section.5.6}{\376\377\0005\000.\0006\000\040\000D\000o\000k\000u\000m\000e\000n\000t\000a\000c\000j\000a\000\040\000p\000l\000i\000k\000u\000\040\000D\000:\000/\000P\000r\000o\000j\000e\000k\000t\000y\000/\000C\000+\000+\000/\000P\000r\000o\000g\000r\000a\000m\000o\000w\000a\000n\000i\000e\000\040\000w\000\040\000C\0002\000/\000W\000o\000r\000m\000s\000\040\0002\000D\000/\000W\000o\000r\000m\000s\000\040\0002\000D\000/\000B\000u\000t\000t\000o\000n\000.\000h}{chapter.5}% 238
\BOOKMARK [1][-]{section.5.7}{\376\377\0005\000.\0007\000\040\000D\000o\000k\000u\000m\000e\000n\000t\000a\000c\000j\000a\000\040\000p\000l\000i\000k\000u\000\040\000D\000:\000/\000P\000r\000o\000j\000e\000k\000t\000y\000/\000C\000+\000+\000/\000P\000r\000o\000g\000r\000a\000m\000o\000w\000a\000n\000i\000e\000\040\000w\000\040\000C\0002\000/\000W\000o\000r\000m\000s\000\040\0002\000D\000/\000W\000o\000r\000m\000s\000\040\0002\000D\000/\000F\000P\000S\000C\000o\000u\000n\000t\000e\000r\000.\000c\000p\000p}{chapter.5}% 239
\BOOKMARK [1][-]{section.5.8}{\376\377\0005\000.\0008\000\040\000D\000o\000k\000u\000m\000e\000n\000t\000a\000c\000j\000a\000\040\000p\000l\000i\000k\000u\000\040\000D\000:\000/\000P\000r\000o\000j\000e\000k\000t\000y\000/\000C\000+\000+\000/\000P\000r\000o\000g\000r\000a\000m\000o\000w\000a\000n\000i\000e\000\040\000w\000\040\000C\0002\000/\000W\000o\000r\000m\000s\000\040\0002\000D\000/\000W\000o\000r\000m\000s\000\040\0002\000D\000/\000F\000P\000S\000C\000o\000u\000n\000t\000e\000r\000.\000h}{chapter.5}% 240
\BOOKMARK [1][-]{section.5.9}{\376\377\0005\000.\0009\000\040\000D\000o\000k\000u\000m\000e\000n\000t\000a\000c\000j\000a\000\040\000p\000l\000i\000k\000u\000\040\000D\000:\000/\000P\000r\000o\000j\000e\000k\000t\000y\000/\000C\000+\000+\000/\000P\000r\000o\000g\000r\000a\000m\000o\000w\000a\000n\000i\000e\000\040\000w\000\040\000C\0002\000/\000W\000o\000r\000m\000s\000\040\0002\000D\000/\000W\000o\000r\000m\000s\000\040\0002\000D\000/\000G\000a\000m\000e\000E\000v\000e\000n\000t\000.\000c\000p\000p}{chapter.5}% 241
\BOOKMARK [1][-]{section.5.10}{\376\377\0005\000.\0001\0000\000\040\000D\000o\000k\000u\000m\000e\000n\000t\000a\000c\000j\000a\000\040\000p\000l\000i\000k\000u\000\040\000D\000:\000/\000P\000r\000o\000j\000e\000k\000t\000y\000/\000C\000+\000+\000/\000P\000r\000o\000g\000r\000a\000m\000o\000w\000a\000n\000i\000e\000\040\000w\000\040\000C\0002\000/\000W\000o\000r\000m\000s\000\040\0002\000D\000/\000W\000o\000r\000m\000s\000\040\0002\000D\000/\000G\000a\000m\000e\000E\000v\000e\000n\000t\000.\000h}{chapter.5}% 242
\BOOKMARK [1][-]{section.5.11}{\376\377\0005\000.\0001\0001\000\040\000D\000o\000k\000u\000m\000e\000n\000t\000a\000c\000j\000a\000\040\000p\000l\000i\000k\000u\000\040\000D\000:\000/\000P\000r\000o\000j\000e\000k\000t\000y\000/\000C\000+\000+\000/\000P\000r\000o\000g\000r\000a\000m\000o\000w\000a\000n\000i\000e\000\040\000w\000\040\000C\0002\000/\000W\000o\000r\000m\000s\000\040\0002\000D\000/\000W\000o\000r\000m\000s\000\040\0002\000D\000/\000G\000a\000m\000e\000S\000o\000u\000n\000d\000.\000c\000p\000p}{chapter.5}% 243
\BOOKMARK [1][-]{section.5.12}{\376\377\0005\000.\0001\0002\000\040\000D\000o\000k\000u\000m\000e\000n\000t\000a\000c\000j\000a\000\040\000p\000l\000i\000k\000u\000\040\000D\000:\000/\000P\000r\000o\000j\000e\000k\000t\000y\000/\000C\000+\000+\000/\000P\000r\000o\000g\000r\000a\000m\000o\000w\000a\000n\000i\000e\000\040\000w\000\040\000C\0002\000/\000W\000o\000r\000m\000s\000\040\0002\000D\000/\000W\000o\000r\000m\000s\000\040\0002\000D\000/\000G\000a\000m\000e\000S\000o\000u\000n\000d\000.\000h}{chapter.5}% 244
\BOOKMARK [1][-]{section.5.13}{\376\377\0005\000.\0001\0003\000\040\000D\000o\000k\000u\000m\000e\000n\000t\000a\000c\000j\000a\000\040\000p\000l\000i\000k\000u\000\040\000D\000:\000/\000P\000r\000o\000j\000e\000k\000t\000y\000/\000C\000+\000+\000/\000P\000r\000o\000g\000r\000a\000m\000o\000w\000a\000n\000i\000e\000\040\000w\000\040\000C\0002\000/\000W\000o\000r\000m\000s\000\040\0002\000D\000/\000W\000o\000r\000m\000s\000\040\0002\000D\000/\000G\000a\000m\000e\000W\000i\000n\000d\000o\000w\000.\000c\000p\000p}{chapter.5}% 245
\BOOKMARK [1][-]{section.5.14}{\376\377\0005\000.\0001\0004\000\040\000D\000o\000k\000u\000m\000e\000n\000t\000a\000c\000j\000a\000\040\000p\000l\000i\000k\000u\000\040\000D\000:\000/\000P\000r\000o\000j\000e\000k\000t\000y\000/\000C\000+\000+\000/\000P\000r\000o\000g\000r\000a\000m\000o\000w\000a\000n\000i\000e\000\040\000w\000\040\000C\0002\000/\000W\000o\000r\000m\000s\000\040\0002\000D\000/\000W\000o\000r\000m\000s\000\040\0002\000D\000/\000G\000a\000m\000e\000W\000i\000n\000d\000o\000w\000.\000h}{chapter.5}% 246
\BOOKMARK [1][-]{section.5.15}{\376\377\0005\000.\0001\0005\000\040\000D\000o\000k\000u\000m\000e\000n\000t\000a\000c\000j\000a\000\040\000p\000l\000i\000k\000u\000\040\000D\000:\000/\000P\000r\000o\000j\000e\000k\000t\000y\000/\000C\000+\000+\000/\000P\000r\000o\000g\000r\000a\000m\000o\000w\000a\000n\000i\000e\000\040\000w\000\040\000C\0002\000/\000W\000o\000r\000m\000s\000\040\0002\000D\000/\000W\000o\000r\000m\000s\000\040\0002\000D\000/\000M\000e\000n\000u\000.\000c\000p\000p}{chapter.5}% 247
\BOOKMARK [1][-]{section.5.16}{\376\377\0005\000.\0001\0006\000\040\000D\000o\000k\000u\000m\000e\000n\000t\000a\000c\000j\000a\000\040\000p\000l\000i\000k\000u\000\040\000D\000:\000/\000P\000r\000o\000j\000e\000k\000t\000y\000/\000C\000+\000+\000/\000P\000r\000o\000g\000r\000a\000m\000o\000w\000a\000n\000i\000e\000\040\000w\000\040\000C\0002\000/\000W\000o\000r\000m\000s\000\040\0002\000D\000/\000W\000o\000r\000m\000s\000\040\0002\000D\000/\000M\000e\000n\000u\000.\000h}{chapter.5}% 248
\BOOKMARK [2][-]{subsection.5.16.1}{\376\377\0005\000.\0001\0006\000.\0001\000\040\000D\000o\000k\000u\000m\000e\000n\000t\000a\000c\000j\000a\000\040\000t\000y\000p\000\363\000w\000\040\000w\000y\000l\000i\000c\000z\000a\000n\000y\000c\000h}{section.5.16}% 249
\BOOKMARK [3][-]{subsubsection.5.16.1.1}{\376\377\0005\000.\0001\0006\000.\0001\000.\0001\000\040\000g\000a\000m\000e\000\137\000s\000t\000a\000t\000e\000s}{subsection.5.16.1}% 250
\BOOKMARK [1][-]{section.5.17}{\376\377\0005\000.\0001\0007\000\040\000D\000o\000k\000u\000m\000e\000n\000t\000a\000c\000j\000a\000\040\000p\000l\000i\000k\000u\000\040\000D\000:\000/\000P\000r\000o\000j\000e\000k\000t\000y\000/\000C\000+\000+\000/\000P\000r\000o\000g\000r\000a\000m\000o\000w\000a\000n\000i\000e\000\040\000w\000\040\000C\0002\000/\000W\000o\000r\000m\000s\000\040\0002\000D\000/\000W\000o\000r\000m\000s\000\040\0002\000D\000/\000R\000e\000v\000o\000l\000v\000e\000r\000.\000c\000p\000p}{chapter.5}% 251
\BOOKMARK [1][-]{section.5.18}{\376\377\0005\000.\0001\0008\000\040\000D\000o\000k\000u\000m\000e\000n\000t\000a\000c\000j\000a\000\040\000p\000l\000i\000k\000u\000\040\000D\000:\000/\000P\000r\000o\000j\000e\000k\000t\000y\000/\000C\000+\000+\000/\000P\000r\000o\000g\000r\000a\000m\000o\000w\000a\000n\000i\000e\000\040\000w\000\040\000C\0002\000/\000W\000o\000r\000m\000s\000\040\0002\000D\000/\000W\000o\000r\000m\000s\000\040\0002\000D\000/\000R\000e\000v\000o\000l\000v\000e\000r\000.\000h}{chapter.5}% 252
\BOOKMARK [1][-]{section.5.19}{\376\377\0005\000.\0001\0009\000\040\000D\000o\000k\000u\000m\000e\000n\000t\000a\000c\000j\000a\000\040\000p\000l\000i\000k\000u\000\040\000D\000:\000/\000P\000r\000o\000j\000e\000k\000t\000y\000/\000C\000+\000+\000/\000P\000r\000o\000g\000r\000a\000m\000o\000w\000a\000n\000i\000e\000\040\000w\000\040\000C\0002\000/\000W\000o\000r\000m\000s\000\040\0002\000D\000/\000W\000o\000r\000m\000s\000\040\0002\000D\000/\000S\000o\000u\000r\000c\000e\000.\000c\000p\000p}{chapter.5}% 253
\BOOKMARK [2][-]{subsection.5.19.1}{\376\377\0005\000.\0001\0009\000.\0001\000\040\000D\000o\000k\000u\000m\000e\000n\000t\000a\000c\000j\000a\000\040\000f\000u\000n\000k\000c\000j\000i}{section.5.19}% 254
\BOOKMARK [3][-]{subsubsection.5.19.1.1}{\376\377\0005\000.\0001\0009\000.\0001\000.\0001\000\040\000m\000a\000i\000n\000\050\000\051}{subsection.5.19.1}% 255
\BOOKMARK [1][-]{section.5.20}{\376\377\0005\000.\0002\0000\000\040\000D\000o\000k\000u\000m\000e\000n\000t\000a\000c\000j\000a\000\040\000p\000l\000i\000k\000u\000\040\000D\000:\000/\000P\000r\000o\000j\000e\000k\000t\000y\000/\000C\000+\000+\000/\000P\000r\000o\000g\000r\000a\000m\000o\000w\000a\000n\000i\000e\000\040\000w\000\040\000C\0002\000/\000W\000o\000r\000m\000s\000\040\0002\000D\000/\000W\000o\000r\000m\000s\000\040\0002\000D\000/\000T\000e\000r\000r\000a\000i\000n\000.\000c\000p\000p}{chapter.5}% 256
\BOOKMARK [1][-]{section.5.21}{\376\377\0005\000.\0002\0001\000\040\000D\000o\000k\000u\000m\000e\000n\000t\000a\000c\000j\000a\000\040\000p\000l\000i\000k\000u\000\040\000D\000:\000/\000P\000r\000o\000j\000e\000k\000t\000y\000/\000C\000+\000+\000/\000P\000r\000o\000g\000r\000a\000m\000o\000w\000a\000n\000i\000e\000\040\000w\000\040\000C\0002\000/\000W\000o\000r\000m\000s\000\040\0002\000D\000/\000W\000o\000r\000m\000s\000\040\0002\000D\000/\000T\000e\000r\000r\000a\000i\000n\000.\000h}{chapter.5}% 257
\BOOKMARK [1][-]{section.5.22}{\376\377\0005\000.\0002\0002\000\040\000D\000o\000k\000u\000m\000e\000n\000t\000a\000c\000j\000a\000\040\000p\000l\000i\000k\000u\000\040\000D\000:\000/\000P\000r\000o\000j\000e\000k\000t\000y\000/\000C\000+\000+\000/\000P\000r\000o\000g\000r\000a\000m\000o\000w\000a\000n\000i\000e\000\040\000w\000\040\000C\0002\000/\000W\000o\000r\000m\000s\000\040\0002\000D\000/\000W\000o\000r\000m\000s\000\040\0002\000D\000/\000W\000a\000t\000e\000r\000.\000c\000p\000p}{chapter.5}% 258
\BOOKMARK [1][-]{section.5.23}{\376\377\0005\000.\0002\0003\000\040\000D\000o\000k\000u\000m\000e\000n\000t\000a\000c\000j\000a\000\040\000p\000l\000i\000k\000u\000\040\000D\000:\000/\000P\000r\000o\000j\000e\000k\000t\000y\000/\000C\000+\000+\000/\000P\000r\000o\000g\000r\000a\000m\000o\000w\000a\000n\000i\000e\000\040\000w\000\040\000C\0002\000/\000W\000o\000r\000m\000s\000\040\0002\000D\000/\000W\000o\000r\000m\000s\000\040\0002\000D\000/\000W\000a\000t\000e\000r\000.\000h}{chapter.5}% 259
\BOOKMARK [1][-]{section.5.24}{\376\377\0005\000.\0002\0004\000\040\000D\000o\000k\000u\000m\000e\000n\000t\000a\000c\000j\000a\000\040\000p\000l\000i\000k\000u\000\040\000D\000:\000/\000P\000r\000o\000j\000e\000k\000t\000y\000/\000C\000+\000+\000/\000P\000r\000o\000g\000r\000a\000m\000o\000w\000a\000n\000i\000e\000\040\000w\000\040\000C\0002\000/\000W\000o\000r\000m\000s\000\040\0002\000D\000/\000W\000o\000r\000m\000s\000\040\0002\000D\000/\000W\000e\000a\000p\000o\000n\000.\000c\000p\000p}{chapter.5}% 260
\BOOKMARK [1][-]{section.5.25}{\376\377\0005\000.\0002\0005\000\040\000D\000o\000k\000u\000m\000e\000n\000t\000a\000c\000j\000a\000\040\000p\000l\000i\000k\000u\000\040\000D\000:\000/\000P\000r\000o\000j\000e\000k\000t\000y\000/\000C\000+\000+\000/\000P\000r\000o\000g\000r\000a\000m\000o\000w\000a\000n\000i\000e\000\040\000w\000\040\000C\0002\000/\000W\000o\000r\000m\000s\000\040\0002\000D\000/\000W\000o\000r\000m\000s\000\040\0002\000D\000/\000W\000e\000a\000p\000o\000n\000.\000h}{chapter.5}% 261
\BOOKMARK [1][-]{section.5.26}{\376\377\0005\000.\0002\0006\000\040\000D\000o\000k\000u\000m\000e\000n\000t\000a\000c\000j\000a\000\040\000p\000l\000i\000k\000u\000\040\000D\000:\000/\000P\000r\000o\000j\000e\000k\000t\000y\000/\000C\000+\000+\000/\000P\000r\000o\000g\000r\000a\000m\000o\000w\000a\000n\000i\000e\000\040\000w\000\040\000C\0002\000/\000W\000o\000r\000m\000s\000\040\0002\000D\000/\000W\000o\000r\000m\000s\000\040\0002\000D\000/\000W\000o\000r\000m\000.\000c\000p\000p}{chapter.5}% 262
\BOOKMARK [1][-]{section.5.27}{\376\377\0005\000.\0002\0007\000\040\000D\000o\000k\000u\000m\000e\000n\000t\000a\000c\000j\000a\000\040\000p\000l\000i\000k\000u\000\040\000D\000:\000/\000P\000r\000o\000j\000e\000k\000t\000y\000/\000C\000+\000+\000/\000P\000r\000o\000g\000r\000a\000m\000o\000w\000a\000n\000i\000e\000\040\000w\000\040\000C\0002\000/\000W\000o\000r\000m\000s\000\040\0002\000D\000/\000W\000o\000r\000m\000s\000\040\0002\000D\000/\000W\000o\000r\000m\000.\000h}{chapter.5}% 263
\BOOKMARK [2][-]{subsection.5.27.1}{\376\377\0005\000.\0002\0007\000.\0001\000\040\000D\000o\000k\000u\000m\000e\000n\000t\000a\000c\000j\000a\000\040\000t\000y\000p\000\363\000w\000\040\000w\000y\000l\000i\000c\000z\000a\000n\000y\000c\000h}{section.5.27}% 264
\BOOKMARK [3][-]{subsubsection.5.27.1.1}{\376\377\0005\000.\0002\0007\000.\0001\000.\0001\000\040\000c\000o\000l\000l\000i\000s\000i\000o\000n}{subsection.5.27.1}% 265
\BOOKMARK [3][-]{subsubsection.5.27.1.2}{\376\377\0005\000.\0002\0007\000.\0001\000.\0002\000\040\000t\000e\000a\000m}{subsection.5.27.1}% 266
\BOOKMARK [0][-]{section*.55}{\376\377\000I\000n\000d\000e\000k\000s}{}% 267
